#
# A fatal error has been detected by the Java Runtime Environment:
#
#  SIGSEGV (0xb) at pc=0x00007fb37bbe20ad, pid=27589, tid=27607
#
# JRE version: OpenJDK Runtime Environment (11.0.10+9) (build 11.0.10+9-Ubuntu-0ubuntu1.20.04)
# Java VM: OpenJDK 64-Bit Server VM (11.0.10+9-Ubuntu-0ubuntu1.20.04, mixed mode, sharing, tiered, compressed oops, g1 gc, linux-amd64)
# Problematic frame:
# C  [libjimage.so+0x30ad]
#
# Core dump will be written. Default location: Core dumps may be processed with "/usr/share/apport/apport %p %s %c %d %P %E" (or dumping to /home/sacode/eclipse-workspace/OO_UnB/tp4/core.27589)
#
# If you would like to submit a bug report, please visit:
#   https://bugs.launchpad.net/ubuntu/+source/openjdk-lts
#

---------------  S U M M A R Y ------------

Command Line: -agentlib:jdwp=transport=dt_socket,suspend=y,address=localhost:40619 -javaagent:/home/sacode/.eclipse/360744286_linux_gtk_x86_64/configuration/org.eclipse.osgi/222/0/.cp/lib/javaagent-shaded.jar -Dfile.encoding=UTF-8 --module-path=/home/sacode/eclipse-workspace/OO_UnB/tp4/bin -Djdk.module.main=tp4 tp4/main.Main

Host: Intel(R) Core(TM) i5-8250U CPU @ 1.60GHz, 8 cores, 7G, Ubuntu 20.04.2 LTS
Time: Tue Apr  6 00:19:43 2021 -03 elapsed time: 9342.532218 seconds (0d 2h 35m 42s)

---------------  T H R E A D  ---------------

Current thread (0x00007fb374192000):  JavaThread "Signal Dispatcher" daemon [_thread_in_vm, id=27607, stack(0x00007fb34708c000,0x00007fb34718d000)]

Stack: [0x00007fb34708c000,0x00007fb34718d000],  sp=0x00007fb34718a1f0,  free space=1016k
Native frames: (J=compiled Java code, A=aot compiled Java code, j=interpreted, Vv=VM code, C=native code)
C  [libjimage.so+0x30ad]
C  [libjimage.so+0x3da2]
C  [libjimage.so+0x42b1]  JIMAGE_FindResource+0xf1
V  [libjvm.so+0x5af401]
V  [libjvm.so+0x5b1bb1]
V  [libjvm.so+0xde46ed]
V  [libjvm.so+0xde327a]
V  [libjvm.so+0xde583b]
V  [libjvm.so+0x66111e]
V  [libjvm.so+0x84ee46]
j  jdk.internal.misc.Signal.dispatch(I)V+25 java.base@11.0.10
v  ~StubRoutines::call_stub
V  [libjvm.so+0x857b39]
V  [libjvm.so+0x856b52]
V  [libjvm.so+0xbc368e]
V  [libjvm.so+0xe1b50f]
V  [libjvm.so+0xe17b40]
V  [libjvm.so+0xbd5436]

Java frames: (J=compiled Java code, j=interpreted, Vv=VM code)
j  jdk.internal.misc.Signal.dispatch(I)V+25 java.base@11.0.10
v  ~StubRoutines::call_stub

siginfo: si_signo: 11 (SIGSEGV), si_code: 1 (SEGV_MAPERR), si_addr: 0x00007fb36b8b1768

Register to memory mapping:

RAX=