#
# A fatal error has been detected by the Java Runtime Environment:
#
#  SIGSEGV (0xb) at pc=0x00007fe6b84250ad, pid=11152, tid=11169
#
# JRE version: OpenJDK Runtime Environment (11.0.10+9) (build 11.0.10+9-Ubuntu-0ubuntu1.20.04)
# Java VM: OpenJDK 64-Bit Server VM (11.0.10+9-Ubuntu-0ubuntu1.20.04, mixed mode, sharing, tiered, compressed oops, g1 gc, linux-amd64)
# Problematic frame:
# C  [libjimage.so+0x30ad]
#
# Core dump will be written. Default location: Core dumps may be processed with "/usr/share/apport/apport %p %s %c %d %P %E" (or dumping to /home/sacode/eclipse-workspace/OO_UnB/tp4/core.11152)
#
# If you would like to submit a bug report, please visit:
#   https://bugs.launchpad.net/ubuntu/+source/openjdk-lts
#

---------------  S U M M A R Y ------------

Command Line: -agentlib:jdwp=transport=dt_socket,suspend=y,address=localhost:44673 -javaagent:/home/sacode/.eclipse/360744286_linux_gtk_x86_64/configuration/org.eclipse.osgi/222/0/.cp/lib/javaagent-shaded.jar -Dfile.encoding=UTF-8 --module-path=/home/sacode/eclipse-workspace/OO_UnB/tp4/bin -Djdk.module.main=tp4 tp4/main.Main

Host: Intel(R) Core(TM) i5-8250U CPU @ 1.60GHz, 8 cores, 7G, Ubuntu 20.04.2 LTS
Time: Tue Apr  6 20:47:36 2021 -03 elapsed time: 121.699310 seconds (0d 0h 2m 1s)

---------------  T H R E A D  ---------------

Current thread (0x00007fe6b4192000):  JavaThread "Signal Dispatcher" daemon [_thread_in_vm, id=11169, stack(0x00007fe67b88c000,0x00007fe67b98d000)]

Stack: [0x00007fe67b88c000,0x00007fe67b98d000],  sp=0x00007fe67b98a1f0,  free space=1016k
Native frames: (J=compiled Java code, A=aot compiled Java code, j=interpreted, Vv=VM code, C=native code)
C  [libjimage.so+0x30ad]
C  [libjimage.so+0x3da2]
C  [libjimage.so+0x42b1]  JIMAGE_FindResource+0xf1
V  [libjvm.so+0x5af401]
V  [libjvm.so+0x5b1bb1]
V  [libjvm.so+0xde46ed]
V  [libjvm.so+0xde327a]
V  [libjvm.so+0xde583b]
V  [libjvm.so+0x66111e]
V  [libjvm.so+0x84ee46]
j  jdk.internal.misc.Signal.dispatch(I)V+25 java.base@11.0.10
v  ~StubRoutines::call_stub
V  [libjvm.so+0x857b39]
V  [libjvm.so+0x856b52]
V  [libjvm.so+0xbc368e]
V  [libjvm.so+0xe1b50f]
V  [libjvm.so+0xe17b40]
V  [libjvm.so+0xbd5436]

Java frames: (J=compiled Java code, j=interpreted, Vv=VM code)
j  jdk.internal.misc.Signal.dispatch(I)V+25 java.base@11.0.10
v  ~StubRoutines::call_stub

siginfo: si_signo: 11 (SIGSEGV), si_code: 1 (SEGV_MAPERR), si_addr: 0x00007fe6ab8b1768

Register to memory mapping:

RAX=0x00000000000081d3 is an unknown value
RBX=0x00007fe67b98a2a1 is pointing into the stack for thread: 0x00007fe6b4192000
RCX=0x00007fe67b98a2c3 is pointing into the stack for thread: 0x00007fe6b4192000
RDX=0x00000000000081d3 is an unknown value
RSP=0x00007fe67b98a1f0 is pointing into the stack for thread: 0x00007fe6b4192000
RBP=0x00007fe67b98a210 is pointing into the stack for thread: 0x00007fe6b4192000
RSI=0x0 is NULL
RDI=0x00007fe6b842a030: <offset 0x0000000000008030> in /usr/lib/jvm/java-11-openjdk-amd64/lib/libjimage.so at 0x00007fe6b8422000
R8 =0x00007fe6ab89101c is an unknown value
R9 =0x00007fe6b4193d80 points into unknown readable memory: 0x0000000000000002 | 02 00 00 00 00 00 00 00
R10=0x00007fe6b97f0400: <offset 0x0000000000f40400> in /usr/lib/jvm/java-11-openjdk-amd64/lib/server/libjvm.so at 0x00007fe6b88b0000
R11=0x00007fe67b98b418 is pointing into the stack for thread: 0x00007fe6b4192000
R12=0x0000000000008424 is an unknown value
R13=0x00007fe67b98a2a0 is pointing into the stack for thread: 0x00007fe6b4192000
R14=0x0 is NULL
R15=0x00007fe6b4192c50 points into unknown readable memory: 0x65746e692f6b646a | 6a 64 6b 2f 69 6e 74 65


Registers:
RAX=0x00000000000081d3, RBX=0x00007fe67b98a2a1, RCX=0x00007fe67b98a2c3, RDX=0x00000000000081d3
RSP=0x00007fe67b98a1f0, RBP=0x00007fe67b98a210, RSI=0x0000000000000000, RDI=0x00007fe6b842a030
R8 =0x00007fe6ab89101c, R9 =0x00007fe6b4193d80, R10=0x00007fe6b97f0400, R11=0x00007fe67b98b418
R12=0x0000000000008424, R13=0x00007fe67b98a2a0, R14=0x0000000000000000, R15=0x00007fe6b4192c50
RIP=0x00007fe6b84250ad, EFLAGS=0x0000000000010246, CSGSFS=0x002b000000000033, ERR=0x0000000000000004
  TRAPNO=0x000000000000000e

Top of Stack: (sp=0x00007fe67b98a1f0)
0x00007fe67b98a1f0:   0000000000000000 00007fe67b98b338
0x00007fe67b98a200:   00007fe6b4009be0 00007fe67b98a2a0
0x00007fe67b98a210:   00007fe67b98a280 00007fe6b8425da2
0x00007fe67b98a220:   0000000000000000 0000000000000000 

Instructions: (pc=0x00007fe6b84250ad)
0x00007fe6b8424fad:   f3 ff ff 44 03 65 90 e9 3f fe ff ff 0f 1f 80 00
0x00007fe6b8424fbd:   00 00 00 41 8b 10 41 89 55 00 41 8b 54 00 fc 41
0x00007fe6b8424fcd:   89 54 05 fc e9 82 fc ff ff 66 2e 0f 1f 84 00 00
0x00007fe6b8424fdd:   00 00 00 b9 0a 00 00 00 e9 f0 fc ff ff 41 0f b7
0x00007fe6b8424fed:   54 00 fe 66 41 89 54 05 fe e9 5d fc ff ff 0f 1f
0x00007fe6b8424ffd:   44 00 00 f3 0f 1e fa 0f b6 17 89 f0 89 f1 4c 8d
0x00007fe6b842500d:   47 01 84 d2 74 1c 0f 1f 44 00 00 69 c9 93 01 00
0x00007fe6b842501d:   01 49 83 c0 01 31 d1 41 0f b6 50 ff 84 d2 75 eb
0x00007fe6b842502d:   89 c8 25 ff ff ff 7f c3 90 66 2e 0f 1f 84 00 00
0x00007fe6b842503d:   00 00 00 f3 0f 1e fa 48 85 d2 0f 84 da 00 00 00
0x00007fe6b842504d:   55 48 89 e5 41 55 41 54 41 89 cc 53 48 83 ec 08
0x00007fe6b842505d:   85 c9 0f 84 ba 00 00 00 49 89 f5 48 8d 5e 01 0f
0x00007fe6b842506d:   b6 36 49 89 d0 40 84 f6 0f 84 9d 00 00 00 48 89
0x00007fe6b842507d:   d9 b8 93 01 00 01 0f 1f 44 00 00 69 d0 93 01 00
0x00007fe6b842508d:   01 48 83 c1 01 40 0f b6 c6 0f b6 71 ff 31 d0 40
0x00007fe6b842509d:   84 f6 75 e7 25 ff ff ff 7f 31 d2 41 f7 f4 89 d0
0x00007fe6b84250ad:   41 8b 34 80 48 8b 07 ff 50 20 85 c0 7f 15 74 62
0x00007fe6b84250bd:   f7 d0 41 89 c0 48 83 c4 08 44 89 c0 5b 41 5c 41
0x00007fe6b84250cd:   5d 5d c3 41 0f b6 4d 00 89 c6 84 c9 74 1b 0f 1f
0x00007fe6b84250dd:   44 00 00 69 f6 93 01 00 01 48 83 c3 01 31 ce 0f
0x00007fe6b84250ed:   b6 4b ff 84 c9 75 ec 89 f0 25 ff ff ff 7f 31 d2
0x00007fe6b84250fd:   48 83 c4 08 41 f7 f4 5b 41 5c 41 5d 5d 41 89 d0
0x00007fe6b842510d:   44 89 c0 c3 0f 1f 80 00 00 00 00 b8 93 01 00 01
0x00007fe6b842511d:   eb 87 41 b8 ff ff ff ff eb 9b 41 83 c8 ff 44 89
0x00007fe6b842512d:   c0 c3 90 f3 0f 1e fa eb 1d 66 2e 0f 1f 84 00 00
0x00007fe6b842513d:   00 00 00 0f b6 16 84 d2 74 13 38 c2 75 15 48 83
0x00007fe6b842514d:   c7 01 48 83 c6 01 0f b6 07 84 c0 75 e6 48 89 f8
0x00007fe6b842515d:   c3 66 90 31 c0 c3 90 66 66 2e 0f 1f 84 00 00 00
0x00007fe6b842516d:   00 00 90 f3 0f 1e fa 48 85 f6 74 51 0f b6 06 84
0x00007fe6b842517d:   c0 74 4a 0f b6 d0 83 e0 07 c1 fa 03 44 8d 50 01
0x00007fe6b842518d:   0f b6 c0 41 89 d1 4c 8d 44 06 02 48 8d 56 01 31
0x00007fe6b842519d:   c0 66 90 0f b6 0a 48 c1 e0 08 48 83 c2 01 48 09 


Stack slot to memory mapping:
stack at sp + 0 slots: 0x0 is NULL
stack at sp + 1 slots: 0x00007fe67b98b338 is pointing into the stack for thread: 0x00007fe6b4192000
stack at sp + 2 slots: 0x00007fe6b4009be0 points into unknown readable memory: 0x0000000000000000 | 00 00 00 00 00 00 00 00
stack at sp + 3 slots: 0x00007fe67b98a2a0 is pointing into the stack for thread: 0x00007fe6b4192000
stack at sp + 4 slots: 0x00007fe67b98a280 is pointing into the stack for thread: 0x00007fe6b4192000
stack at sp + 5 slots: 0x00007fe6b8425da2: <offset 0x0000000000003da2> in /usr/lib/jvm/java-11-openjdk-amd64/lib/libjimage.so at 0x00007fe6b8422000
stack at sp + 6 slots: 0x0 is NULL
stack at sp + 7 slots: 0x0 is NULL


---------------  P R O C E S S  ---------------

Threads class SMR info:
_java_thread_list=0x00007fe6480023a0, length=15, elements={
0x00007fe6b4189800, 0x00007fe6b418b800, 0x00007fe6b4192000, 0x00007fe6b4194000,
0x00007fe6b4196800, 0x00007fe6b4198800, 0x00007fe6b419a800, 0x00007fe6b41f2000,
0x00007fe6b424e800, 0x00007fe6b4252800, 0x00007fe6b43ba800, 0x00007fe6b43e2800,
0x00007fe6b45db800, 0x00007fe6b45de000, 0x00007fe6b4018000
}

Java Threads: ( => current thread )
  0x00007fe6b4189800 JavaThread "Reference Handler" daemon [_thread_blocked, id=11167, stack(0x00007fe6900b0000,0x00007fe6901b1000)]
  0x00007fe6b418b800 JavaThread "Finalizer" daemon [_thread_blocked, id=11168, stack(0x00007fe67beff000,0x00007fe67c000000)]
=>0x00007fe6b4192000 JavaThread "Signal Dispatcher" daemon [_thread_in_vm, id=11169, stack(0x00007fe67b88c000,0x00007fe67b98d000)]
  0x00007fe6b4194000 JavaThread "Service Thread" daemon [_thread_blocked, id=11170, stack(0x00007fe67b78b000,0x00007fe67b88c000)]
  0x00007fe6b4196800 JavaThread "C2 CompilerThread0" daemon [_thread_blocked, id=11171, stack(0x00007fe67b68a000,0x00007fe67b78b000)]
  0x00007fe6b4198800 JavaThread "C1 CompilerThread0" daemon [_thread_blocked, id=11172, stack(0x00007fe67b589000,0x00007fe67b68a000)]
  0x00007fe6b419a800 JavaThread "Sweeper thread" daemon [_thread_blocked, id=11173, stack(0x00007fe67b488000,0x00007fe67b589000)]
  0x00007fe6b41f2000 JavaThread "Common-Cleaner" daemon [_thread_blocked, id=11174, stack(0x00007fe67b387000,0x00007fe67b488000)]
  0x00007fe6b424e800 JavaThread "JDWP Transport Listener: dt_socket" daemon [_thread_in_native, id=11176, stack(0x00007fe67b286000,0x00007fe67b387000)]
  0x00007fe6b4252800 JavaThread "JDWP Event Helper Thread" daemon [_thread_blocked, id=11177, stack(0x00007fe67b185000,0x00007fe67b286000)]
  0x00007fe6b43ba800 JavaThread "Java2D Disposer" daemon [_thread_blocked, id=11193, stack(0x00007fe67884e000,0x00007fe67894f000)]
  0x00007fe6b43e2800 JavaThread "AWT-XAWT" daemon [_thread_in_native, id=11194, stack(0x00007fe678721000,0x00007fe678822000)]
  0x00007fe6b45db800 JavaThread "AWT-Shutdown" [_thread_blocked, id=11195, stack(0x00007fe678620000,0x00007fe678721000)]
  0x00007fe6b45de000 JavaThread "AWT-EventQueue-0" [_thread_blocked, id=11196, stack(0x00007fe67831f000,0x00007fe678420000)]
  0x00007fe6b4018000 JavaThread "DestroyJavaVM" [_thread_blocked, id=11159, stack(0x00007fe6b8464000,0x00007fe6b8565000)]

Other Threads:
  0x00007fe6b4186800 VMThread "VM Thread" [stack: 0x00007fe6901b3000,0x00007fe6902b3000] [id=11166]
  0x00007fe6b42b0800 WatcherThread [stack: 0x00007fe67af84000,0x00007fe67b084000] [id=11183]
  0x00007fe6b4030000 GCTaskThread "GC Thread#0" [stack: 0x00007fe6b80ca000,0x00007fe6b81ca000] [id=11161]
  0x00007fe6b4061000 ConcurrentGCThread "G1 Main Marker" [stack: 0x00007fe693644000,0x00007fe693744000] [id=11162]
  0x00007fe6b4063000 ConcurrentGCThread "G1 Conc#0" [stack: 0x00007fe693542000,0x00007fe693642000] [id=11163]
  0x00007fe6b40ec000 ConcurrentGCThread "G1 Refine#0" [stack: 0x00007fe690c38000,0x00007fe690d38000] [id=11164]
  0x00007fe6b40ed800 ConcurrentGCThread "G1 Young RemSet Sampling" [stack: 0x00007fe690b36000,0x00007fe690c36000] [id=11165]

Threads with active compile tasks:

VM state:not at safepoint (normal execution)

VM Mutex/Monitor currently owned by a thread: None

Heap address: 0x0000000085800000, size: 1960 MB, Compressed Oops mode: 32-bit
Narrow klass base: 0x0000000800000000, Narrow klass shift: 3
Compressed class space size: 1073741824 Address: 0x0000000840000000

Heap:
 garbage-first heap   total 129024K, used 20168K [0x0000000085800000, 0x0000000100000000)
  region size 1024K, 21 young (21504K), 0 survivors (0K)
 Metaspace       used 11301K, capacity 11829K, committed 12032K, reserved 1060864K
  class space    used 1234K, capacity 1487K, committed 1536K, reserved 1048576K
Heap Regions: E=young(eden), S=young(survivor), O=old, HS=humongous(starts), HC=humongous(continues), CS=collection set, F=free, A=archive, TAMS=top-at-mark-start (previous, next)
|   0|0x0000000085800000, 0x0000000085800000, 0x0000000085900000|  0%| F|  |TAMS 0x0000000085800000, 0x0000000085800000| Untracked 
|   1|0x0000000085900000, 0x0000000085900000, 0x0000000085a00000|  0%| F|  |TAMS 0x0000000085900000, 0x0000000085900000| Untracked 
|   2|0x0000000085a00000, 0x0000000085a00000, 0x0000000085b00000|  0%| F|  |TAMS 0x0000000085a00000, 0x0000000085a00000| Untracked 
|   3|0x0000000085b00000, 0x0000000085b00000, 0x0000000085c00000|  0%| F|  |TAMS 0x0000000085b00000, 0x0000000085b00000| Untracked 
|   4|0x0000000085c00000, 0x0000000085c00000, 0x0000000085d00000|  0%| F|  |TAMS 0x0000000085c00000, 0x0000000085c00000| Untracked 
|   5|0x0000000085d00000, 0x0000000085d00000, 0x0000000085e00000|  0%| F|  |TAMS 0x0000000085d00000, 0x0000000085d00000| Untracked 
|   6|0x0000000085e00000, 0x0000000085e00000, 0x0000000085f00000|  0%| F|  |TAMS 0x0000000085e00000, 0x0000000085e00000| Untracked 
|   7|0x0000000085f00000, 0x0000000085f00000, 0x0000000086000000|  0%| F|  |TAMS 0x0000000085f00000, 0x0000000085f00000| Untracked 
|   8|0x0000000086000000, 0x0000000086000000, 0x0000000086100000|  0%| F|  |TAMS 0x0000000086000000, 0x0000000086000000| Untracked 
|   9|0x0000000086100000, 0x0000000086100000, 0x0000000086200000|  0%| F|  |TAMS 0x0000000086100000, 0x0000000086100000| Untracked 
|  10|0x0000000086200000, 0x0000000086200000, 0x0000000086300000|  0%| F|  |TAMS 0x0000000086200000, 0x0000000086200000| Untracked 
|  11|0x0000000086300000, 0x0000000086300000, 0x0000000086400000|  0%| F|  |TAMS 0x0000000086300000, 0x0000000086300000| Untracked 
|  12|0x0000000086400000, 0x0000000086400000, 0x0000000086500000|  0%| F|  |TAMS 0x0000000086400000, 0x0000000086400000| Untracked 
|  13|0x0000000086500000, 0x0000000086500000, 0x0000000086600000|  0%| F|  |TAMS 0x0000000086500000, 0x0000000086500000| Untracked 
|  14|0x0000000086600000, 0x0000000086600000, 0x0000000086700000|  0%| F|  |TAMS 0x0000000086600000, 0x0000000086600000| Untracked 
|  15|0x0000000086700000, 0x0000000086700000, 0x0000000086800000|  0%| F|  |TAMS 0x0000000086700000, 0x0000000086700000| Untracked 
|  16|0x0000000086800000, 0x0000000086800000, 0x0000000086900000|  0%| F|  |TAMS 0x0000000086800000, 0x0000000086800000| Untracked 
|  17|0x0000000086900000, 0x0000000086900000, 0x0000000086a00000|  0%| F|  |TAMS 0x0000000086900000, 0x0000000086900000| Untracked 
|  18|0x0000000086a00000, 0x0000000086a00000, 0x0000000086b00000|  0%| F|  |TAMS 0x0000000086a00000, 0x0000000086a00000| Untracked 
|  19|0x0000000086b00000, 0x0000000086b00000, 0x0000000086c00000|  0%| F|  |TAMS 0x0000000086b00000, 0x0000000086b00000| Untracked 
|  20|0x0000000086c00000, 0x0000000086c00000, 0x0000000086d00000|  0%| F|  |TAMS 0x0000000086c00000, 0x0000000086c00000| Untracked 
|  21|0x0000000086d00000, 0x0000000086d00000, 0x0000000086e00000|  0%| F|  |TAMS 0x0000000086d00000, 0x0000000086d00000| Untracked 
|  22|0x0000000086e00000, 0x0000000086e00000, 0x0000000086f00000|  0%| F|  |TAMS 0x0000000086e00000, 0x0000000086e00000| Untracked 
|  23|0x0000000086f00000, 0x0000000086f00000, 0x0000000087000000|  0%| F|  |TAMS 0x0000000086f00000, 0x0000000086f00000| Untracked 
|  24|0x0000000087000000, 0x0000000087000000, 0x0000000087100000|  0%| F|  |TAMS 0x0000000087000000, 0x0000000087000000| Untracked 
|  25|0x0000000087100000, 0x0000000087100000, 0x0000000087200000|  0%| F|  |TAMS 0x0000000087100000, 0x0000000087100000| Untracked 
|  26|0x0000000087200000, 0x0000000087200000, 0x0000000087300000|  0%| F|  |TAMS 0x0000000087200000, 0x0000000087200000| Untracked 
|  27|0x0000000087300000, 0x0000000087300000, 0x0000000087400000|  0%| F|  |TAMS 0x0000000087300000, 0x0000000087300000| Untracked 
|  28|0x0000000087400000, 0x0000000087400000, 0x0000000087500000|  0%| F|  |TAMS 0x0000000087400000, 0x0000000087400000| Untracked 
|  29|0x0000000087500000, 0x0000000087500000, 0x0000000087600000|  0%| F|  |TAMS 0x0000000087500000, 0x0000000087500000| Untracked 
|  30|0x0000000087600000, 0x0000000087600000, 0x0000000087700000|  0%| F|  |TAMS 0x0000000087600000, 0x0000000087600000| Untracked 
|  31|0x0000000087700000, 0x0000000087700000, 0x0000000087800000|  0%| F|  |TAMS 0x0000000087700000, 0x0000000087700000| Untracked 
|  32|0x0000000087800000, 0x0000000087800000, 0x0000000087900000|  0%| F|  |TAMS 0x0000000087800000, 0x0000000087800000| Untracked 
|  33|0x0000000087900000, 0x0000000087900000, 0x0000000087a00000|  0%| F|  |TAMS 0x0000000087900000, 0x0000000087900000| Untracked 
|  34|0x0000000087a00000, 0x0000000087a00000, 0x0000000087b00000|  0%| F|  |TAMS 0x0000000087a00000, 0x0000000087a00000| Untracked 
|  35|0x0000000087b00000, 0x0000000087b00000, 0x0000000087c00000|  0%| F|  |TAMS 0x0000000087b00000, 0x0000000087b00000| Untracked 
|  36|0x0000000087c00000, 0x0000000087c00000, 0x0000000087d00000|  0%| F|  |TAMS 0x0000000087c00000, 0x0000000087c00000| Untracked 
|  37|0x0000000087d00000, 0x0000000087d00000, 0x0000000087e00000|  0%| F|  |TAMS 0x0000000087d00000, 0x0000000087d00000| Untracked 
|  38|0x0000000087e00000, 0x0000000087e00000, 0x0000000087f00000|  0%| F|  |TAMS 0x0000000087e00000, 0x0000000087e00000| Untracked 
|  39|0x0000000087f00000, 0x0000000087f00000, 0x0000000088000000|  0%| F|  |TAMS 0x0000000087f00000, 0x0000000087f00000| Untracked 
|  40|0x0000000088000000, 0x0000000088000000, 0x0000000088100000|  0%| F|  |TAMS 0x0000000088000000, 0x0000000088000000| Untracked 
|  41|0x0000000088100000, 0x0000000088100000, 0x0000000088200000|  0%| F|  |TAMS 0x0000000088100000, 0x0000000088100000| Untracked 
|  42|0x0000000088200000, 0x0000000088200000, 0x0000000088300000|  0%| F|  |TAMS 0x0000000088200000, 0x0000000088200000| Untracked 
|  43|0x0000000088300000, 0x0000000088300000, 0x0000000088400000|  0%| F|  |TAMS 0x0000000088300000, 0x0000000088300000| Untracked 
|  44|0x0000000088400000, 0x0000000088400000, 0x0000000088500000|  0%| F|  |TAMS 0x0000000088400000, 0x0000000088400000| Untracked 
|  45|0x0000000088500000, 0x0000000088500000, 0x0000000088600000|  0%| F|  |TAMS 0x0000000088500000, 0x0000000088500000| Untracked 
|  46|0x0000000088600000, 0x0000000088600000, 0x0000000088700000|  0%| F|  |TAMS 0x0000000088600000, 0x0000000088600000| Untracked 
|  47|0x0000000088700000, 0x0000000088700000, 0x0000000088800000|  0%| F|  |TAMS 0x0000000088700000, 0x0000000088700000| Untracked 
|  48|0x0000000088800000, 0x0000000088800000, 0x0000000088900000|  0%| F|  |TAMS 0x0000000088800000, 0x0000000088800000| Untracked 
|  49|0x0000000088900000, 0x0000000088900000, 0x0000000088a00000|  0%| F|  |TAMS 0x0000000088900000, 0x0000000088900000| Untracked 
|  50|0x0000000088a00000, 0x0000000088a00000, 0x0000000088b00000|  0%| F|  |TAMS 0x0000000088a00000, 0x0000000088a00000| Untracked 
|  51|0x0000000088b00000, 0x0000000088b00000, 0x0000000088c00000|  0%| F|  |TAMS 0x0000000088b00000, 0x0000000088b00000| Untracked 
|  52|0x0000000088c00000, 0x0000000088c00000, 0x0000000088d00000|  0%| F|  |TAMS 0x0000000088c00000, 0x0000000088c00000| Untracked 
|  53|0x0000000088d00000, 0x0000000088d00000, 0x0000000088e00000|  0%| F|  |TAMS 0x0000000088d00000, 0x0000000088d00000| Untracked 
|  54|0x0000000088e00000, 0x0000000088e00000, 0x0000000088f00000|  0%| F|  |TAMS 0x0000000088e00000, 0x0000000088e00000| Untracked 
|  55|0x0000000088f00000, 0x0000000088f00000, 0x0000000089000000|  0%| F|  |TAMS 0x0000000088f00000, 0x0000000088f00000| Untracked 
|  56|0x0000000089000000, 0x0000000089000000, 0x0000000089100000|  0%| F|  |TAMS 0x0000000089000000, 0x0000000089000000| Untracked 
|  57|0x0000000089100000, 0x0000000089100000, 0x0000000089200000|  0%| F|  |TAMS 0x0000000089100000, 0x0000000089100000| Untracked 
|  58|0x0000000089200000, 0x0000000089200000, 0x0000000089300000|  0%| F|  |TAMS 0x0000000089200000, 0x0000000089200000| Untracked 
|  59|0x0000000089300000, 0x0000000089300000, 0x0000000089400000|  0%| F|  |TAMS 0x0000000089300000, 0x0000000089300000| Untracked 
|  60|0x0000000089400000, 0x0000000089400000, 0x0000000089500000|  0%| F|  |TAMS 0x0000000089400000, 0x0000000089400000| Untracked 
|  61|0x0000000089500000, 0x0000000089500000, 0x0000000089600000|  0%| F|  |TAMS 0x0000000089500000, 0x0000000089500000| Untracked 
|  62|0x0000000089600000, 0x0000000089600000, 0x0000000089700000|  0%| F|  |TAMS 0x0000000089600000, 0x0000000089600000| Untracked 
|  63|0x0000000089700000, 0x0000000089700000, 0x0000000089800000|  0%| F|  |TAMS 0x0000000089700000, 0x0000000089700000| Untracked 
|  64|0x0000000089800000, 0x0000000089800000, 0x0000000089900000|  0%| F|  |TAMS 0x0000000089800000, 0x0000000089800000| Untracked 
|  65|0x0000000089900000, 0x0000000089900000, 0x0000000089a00000|  0%| F|  |TAMS 0x0000000089900000, 0x0000000089900000| Untracked 
|  66|0x0000000089a00000, 0x0000000089a00000, 0x0000000089b00000|  0%| F|  |TAMS 0x0000000089a00000, 0x0000000089a00000| Untracked 
|  67|0x0000000089b00000, 0x0000000089b00000, 0x0000000089c00000|  0%| F|  |TAMS 0x0000000089b00000, 0x0000000089b00000| Untracked 
|  68|0x0000000089c00000, 0x0000000089c00000, 0x0000000089d00000|  0%| F|  |TAMS 0x0000000089c00000, 0x0000000089c00000| Untracked 
|  69|0x0000000089d00000, 0x0000000089d00000, 0x0000000089e00000|  0%| F|  |TAMS 0x0000000089d00000, 0x0000000089d00000| Untracked 
|  70|0x0000000089e00000, 0x0000000089e00000, 0x0000000089f00000|  0%| F|  |TAMS 0x0000000089e00000, 0x0000000089e00000| Untracked 
|  71|0x0000000089f00000, 0x0000000089f00000, 0x000000008a000000|  0%| F|  |TAMS 0x0000000089f00000, 0x0000000089f00000| Untracked 
|  72|0x000000008a000000, 0x000000008a000000, 0x000000008a100000|  0%| F|  |TAMS 0x000000008a000000, 0x000000008a000000| Untracked 
|  73|0x000000008a100000, 0x000000008a100000, 0x000000008a200000|  0%| F|  |TAMS 0x000000008a100000, 0x000000008a100000| Untracked 
|  74|0x000000008a200000, 0x000000008a200000, 0x000000008a300000|  0%| F|  |TAMS 0x000000008a200000, 0x000000008a200000| Untracked 
|  75|0x000000008a300000, 0x000000008a300000, 0x000000008a400000|  0%| F|  |TAMS 0x000000008a300000, 0x000000008a300000| Untracked 
|  76|0x000000008a400000, 0x000000008a400000, 0x000000008a500000|  0%| F|  |TAMS 0x000000008a400000, 0x000000008a400000| Untracked 
|  77|0x000000008a500000, 0x000000008a500000, 0x000000008a600000|  0%| F|  |TAMS 0x000000008a500000, 0x000000008a500000| Untracked 
|  78|0x000000008a600000, 0x000000008a600000, 0x000000008a700000|  0%| F|  |TAMS 0x000000008a600000, 0x000000008a600000| Untracked 
|  79|0x000000008a700000, 0x000000008a700000, 0x000000008a800000|  0%| F|  |TAMS 0x000000008a700000, 0x000000008a700000| Untracked 
|  80|0x000000008a800000, 0x000000008a800000, 0x000000008a900000|  0%| F|  |TAMS 0x000000008a800000, 0x000000008a800000| Untracked 
|  81|0x000000008a900000, 0x000000008a900000, 0x000000008aa00000|  0%| F|  |TAMS 0x000000008a900000, 0x000000008a900000| Untracked 
|  82|0x000000008aa00000, 0x000000008aa00000, 0x000000008ab00000|  0%| F|  |TAMS 0x000000008aa00000, 0x000000008aa00000| Untracked 
|  83|0x000000008ab00000, 0x000000008ab00000, 0x000000008ac00000|  0%| F|  |TAMS 0x000000008ab00000, 0x000000008ab00000| Untracked 
|  84|0x000000008ac00000, 0x000000008ac00000, 0x000000008ad00000|  0%| F|  |TAMS 0x000000008ac00000, 0x000000008ac00000| Untracked 
|  85|0x000000008ad00000, 0x000000008ad00000, 0x000000008ae00000|  0%| F|  |TAMS 0x000000008ad00000, 0x000000008ad00000| Untracked 
|  86|0x000000008ae00000, 0x000000008ae00000, 0x000000008af00000|  0%| F|  |TAMS 0x000000008ae00000, 0x000000008ae00000| Untracked 
|  87|0x000000008af00000, 0x000000008af00000, 0x000000008b000000|  0%| F|  |TAMS 0x000000008af00000, 0x000000008af00000| Untracked 
|  88|0x000000008b000000, 0x000000008b000000, 0x000000008b100000|  0%| F|  |TAMS 0x000000008b000000, 0x000000008b000000| Untracked 
|  89|0x000000008b100000, 0x000000008b100000, 0x000000008b200000|  0%| F|  |TAMS 0x000000008b100000, 0x000000008b100000| Untracked 
|  90|0x000000008b200000, 0x000000008b200000, 0x000000008b300000|  0%| F|  |TAMS 0x000000008b200000, 0x000000008b200000| Untracked 
|  91|0x000000008b300000, 0x000000008b300000, 0x000000008b400000|  0%| F|  |TAMS 0x000000008b300000, 0x000000008b300000| Untracked 
|  92|0x000000008b400000, 0x000000008b400000, 0x000000008b500000|  0%| F|  |TAMS 0x000000008b400000, 0x000000008b400000| Untracked 
|  93|0x000000008b500000, 0x000000008b500000, 0x000000008b600000|  0%| F|  |TAMS 0x000000008b500000, 0x000000008b500000| Untracked 
|  94|0x000000008b600000, 0x000000008b600000, 0x000000008b700000|  0%| F|  |TAMS 0x000000008b600000, 0x000000008b600000| Untracked 
|  95|0x000000008b700000, 0x000000008b700000, 0x000000008b800000|  0%| F|  |TAMS 0x000000008b700000, 0x000000008b700000| Untracked 
|  96|0x000000008b800000, 0x000000008b800000, 0x000000008b900000|  0%| F|  |TAMS 0x000000008b800000, 0x000000008b800000| Untracked 
|  97|0x000000008b900000, 0x000000008b900000, 0x000000008ba00000|  0%| F|  |TAMS 0x000000008b900000, 0x000000008b900000| Untracked 
|  98|0x000000008ba00000, 0x000000008ba00000, 0x000000008bb00000|  0%| F|  |TAMS 0x000000008ba00000, 0x000000008ba00000| Untracked 
|  99|0x000000008bb00000, 0x000000008bb00000, 0x000000008bc00000|  0%| F|  |TAMS 0x000000008bb00000, 0x000000008bb00000| Untracked 
| 100|0x000000008bc00000, 0x000000008bc00000, 0x000000008bd00000|  0%| F|  |TAMS 0x000000008bc00000, 0x000000008bc00000| Untracked 
| 101|0x000000008bd00000, 0x000000008bd00000, 0x000000008be00000|  0%| F|  |TAMS 0x000000008bd00000, 0x000000008bd00000| Untracked 
| 102|0x000000008be00000, 0x000000008be00000, 0x000000008bf00000|  0%| F|  |TAMS 0x000000008be00000, 0x000000008be00000| Untracked 
| 103|0x000000008bf00000, 0x000000008bff65b8, 0x000000008c000000| 96%| E|  |TAMS 0x000000008bf00000, 0x000000008bf00000| Complete 
| 104|0x000000008c000000, 0x000000008c100000, 0x000000008c100000|100%| E|CS|TAMS 0x000000008c000000, 0x000000008c000000| Complete 
| 105|0x000000008c100000, 0x000000008c200000, 0x000000008c200000|100%| E|CS|TAMS 0x000000008c100000, 0x000000008c100000| Complete 
| 106|0x000000008c200000, 0x000000008c300000, 0x000000008c300000|100%| E|CS|TAMS 0x000000008c200000, 0x000000008c200000| Complete 
| 107|0x000000008c300000, 0x000000008c400000, 0x000000008c400000|100%| E|CS|TAMS 0x000000008c300000, 0x000000008c300000| Complete 
| 108|0x000000008c400000, 0x000000008c500000, 0x000000008c500000|100%| E|CS|TAMS 0x000000008c400000, 0x000000008c400000| Complete 
| 109|0x000000008c500000, 0x000000008c600000, 0x000000008c600000|100%| E|CS|TAMS 0x000000008c500000, 0x000000008c500000| Complete 
| 110|0x000000008c600000, 0x000000008c700000, 0x000000008c700000|100%| E|CS|TAMS 0x000000008c600000, 0x000000008c600000| Complete 
| 111|0x000000008c700000, 0x000000008c800000, 0x000000008c800000|100%| E|CS|TAMS 0x000000008c700000, 0x000000008c700000| Complete 
| 112|0x000000008c800000, 0x000000008c900000, 0x000000008c900000|100%| E|CS|TAMS 0x000000008c800000, 0x000000008c800000| Complete 
| 113|0x000000008c900000, 0x000000008ca00000, 0x000000008ca00000|100%| E|CS|TAMS 0x000000008c900000, 0x000000008c900000| Complete 
| 114|0x000000008ca00000, 0x000000008cb00000, 0x000000008cb00000|100%| E|CS|TAMS 0x000000008ca00000, 0x000000008ca00000| Complete 
| 115|0x000000008cb00000, 0x000000008cc00000, 0x000000008cc00000|100%| E|CS|TAMS 0x000000008cb00000, 0x000000008cb00000| Complete 
| 116|0x000000008cc00000, 0x000000008cd00000, 0x000000008cd00000|100%| E|CS|TAMS 0x000000008cc00000, 0x000000008cc00000| Complete 
| 117|0x000000008cd00000, 0x000000008ce00000, 0x000000008ce00000|100%| E|CS|TAMS 0x000000008cd00000, 0x000000008cd00000| Complete 
| 118|0x000000008ce00000, 0x000000008cf00000, 0x000000008cf00000|100%| E|CS|TAMS 0x000000008ce00000, 0x000000008ce00000| Complete 
| 119|0x000000008cf00000, 0x000000008d000000, 0x000000008d000000|100%| E|CS|TAMS 0x000000008cf00000, 0x000000008cf00000| Complete 
| 120|0x000000008d000000, 0x000000008d100000, 0x000000008d100000|100%| E|  |TAMS 0x000000008d000000, 0x000000008d000000| Complete 
| 121|0x000000008d100000, 0x000000008d200000, 0x000000008d200000|100%| E|CS|TAMS 0x000000008d100000, 0x000000008d100000| Complete 
| 122|0x000000008d200000, 0x000000008d300000, 0x000000008d300000|100%| E|CS|TAMS 0x000000008d200000, 0x000000008d200000| Complete 
| 123|0x000000008d300000, 0x000000008d400000, 0x000000008d400000|100%| E|CS|TAMS 0x000000008d300000, 0x000000008d300000| Complete 
|1958|0x00000000ffe00000, 0x00000000ffe47000, 0x00000000fff00000| 27%|OA|  |TAMS 0x00000000ffe00000, 0x00000000ffe00000| Untracked 
|1959|0x00000000fff00000, 0x00000000fff6b000, 0x0000000100000000| 41%|CA|  |TAMS 0x00000000fff00000, 0x00000000fff00000| Untracked 

Card table byte_map: [0x00007fe697858000,0x00007fe697c2c000] _byte_map_base: 0x00007fe69742c000

Marking Bits (Prev, Next): (CMBitMap*) 0x00007fe6b4058a08, (CMBitMap*) 0x00007fe6b4058a40
 Prev Bits: [0x00007fe6955e4000, 0x00007fe697484000)
 Next Bits: [0x00007fe693744000, 0x00007fe6955e4000)

Polling page: 0x00007fe6b9d90000

Metaspace:

Usage:
  Non-class:     10,10 MB capacity,     9,83 MB ( 97%) used,   216,95 KB (  2%) free+waste,    58,00 KB ( <1%) overhead. 
      Class:      1,45 MB capacity,     1,21 MB ( 83%) used,   220,80 KB ( 15%) free+waste,    31,69 KB (  2%) overhead. 
       Both:     11,55 MB capacity,    11,04 MB ( 96%) used,   437,75 KB (  4%) free+waste,    89,69 KB ( <1%) overhead. 

Virtual space:
  Non-class space:       12,00 MB reserved,      10,25 MB ( 85%) committed 
      Class space:        1,00 GB reserved,       1,50 MB ( <1%) committed 
             Both:        1,01 GB reserved,      11,75 MB (  1%) committed 

Chunk freelists:
   Non-Class:  66,00 KB
       Class:  17,00 KB
        Both:  83,00 KB

MaxMetaspaceSize: unlimited
CompressedClassSpaceSize: 1,00 GB

CodeHeap 'non-profiled nmethods': size=120032Kb used=392Kb max_used=392Kb free=119639Kb
 bounds [0x00007fe6a4359000, 0x00007fe6a45c9000, 0x00007fe6ab891000]
CodeHeap 'profiled nmethods': size=120028Kb used=2241Kb max_used=2241Kb free=117786Kb
 bounds [0x00007fe69ce22000, 0x00007fe69d092000, 0x00007fe6a4359000]
CodeHeap 'non-nmethods': size=5700Kb used=1307Kb max_used=1320Kb free=4392Kb
 bounds [0x00007fe69c891000, 0x00007fe69cb01000, 0x00007fe69ce22000]
 total_blobs=1855 nmethods=1220 adapters=556
 compilation: enabled
              stopped_count=0, restarted_count=0
 full_count=0

Compilation events (20 events):
Event: 9,307 Thread 0x00007fe6b4198800 1211   !   3       java.awt.EventDispatchThread::pumpOneEventForFilters (113 bytes)
Event: 9,309 Thread 0x00007fe6b4198800 nmethod 1211 0x00007fe69d038090 code [0x00007fe69d038340, 0x00007fe69d039220]
Event: 9,309 Thread 0x00007fe6b4198800 1210       3       java.awt.EventQueue::cacheEQItem (60 bytes)
Event: 9,309 Thread 0x00007fe6b4198800 nmethod 1210 0x00007fe69d039910 code [0x00007fe69d039b00, 0x00007fe69d03a360]
Event: 49,892 Thread 0x00007fe6b4198800 1212       3       java.util.Vector::elementData (7 bytes)
Event: 49,893 Thread 0x00007fe6b4198800 nmethod 1212 0x00007fe69d03a590 code [0x00007fe69d03a740, 0x00007fe69d03a890]
Event: 89,410 Thread 0x00007fe6b4198800 1213   !   3       sun.awt.X11.XDragSourceContextPeer::doProcessEvent (689 bytes)
Event: 89,424 Thread 0x00007fe6b4198800 nmethod 1213 0x00007fe69d03a990 code [0x00007fe69d03bb40, 0x00007fe69d045e50]
Event: 89,424 Thread 0x00007fe6b4198800 1216   !   3       sun.awt.X11.XToolkit::dispatchEvent (191 bytes)
Event: 89,428 Thread 0x00007fe6b4198800 nmethod 1216 0x00007fe69d04a210 code [0x00007fe69d04a740, 0x00007fe69d04d330]
Event: 89,428 Thread 0x00007fe6b4198800 1214       3       sun.awt.X11.XDragSourceContextPeer::processProxyModeEvent (99 bytes)
Event: 89,429 Thread 0x00007fe6b4198800 nmethod 1214 0x00007fe69d04e310 code [0x00007fe69d04e640, 0x00007fe69d04f8b0]
Event: 89,429 Thread 0x00007fe6b4198800 1217   !   3       sun.awt.X11.XToolkit::notifyListeners (100 bytes)
Event: 89,431 Thread 0x00007fe6b4198800 nmethod 1217 0x00007fe69d04ff10 code [0x00007fe69d050280, 0x00007fe69d051870]
Event: 89,431 Thread 0x00007fe6b4198800 1218       1       java.lang.Long::longValue (5 bytes)
Event: 89,431 Thread 0x00007fe6b4198800 nmethod 1218 0x00007fe6a43ba990 code [0x00007fe6a43bab40, 0x00007fe6a43bac10]
Event: 103,145 Thread 0x00007fe6b4196800 1219       4       java.util.concurrent.locks.AbstractQueuedSynchronizer::release (33 bytes)
Event: 103,145 Thread 0x00007fe6b4198800 1220       3       java.util.Vector$Itr::hasNext (20 bytes)
Event: 103,146 Thread 0x00007fe6b4198800 nmethod 1220 0x00007fe69d052310 code [0x00007fe69d0524c0, 0x00007fe69d052650]
Event: 103,154 Thread 0x00007fe6b4196800 nmethod 1219 0x00007fe6a43bac90 code [0x00007fe6a43bae60, 0x00007fe6a43bb188]

GC Heap History (0 events):
No events

Deoptimization events (20 events):
Event: 0,964 Thread 0x00007fe6b4018000 DEOPT PACKING pc=0x00007fe69ce9d71f sp=0x00007fe6b8560db0
Event: 0,964 Thread 0x00007fe6b4018000 DEOPT UNPACKING pc=0x00007fe69c8c853a sp=0x00007fe6b8560298 mode 0
Event: 0,965 Thread 0x00007fe6b4018000 DEOPT PACKING pc=0x00007fe69ce9d71f sp=0x00007fe6b8560db0
Event: 0,965 Thread 0x00007fe6b4018000 DEOPT UNPACKING pc=0x00007fe69c8c853a sp=0x00007fe6b8560298 mode 0
Event: 0,968 Thread 0x00007fe6b4018000 DEOPT PACKING pc=0x00007fe69ce9d71f sp=0x00007fe6b8560e80
Event: 0,968 Thread 0x00007fe6b4018000 DEOPT UNPACKING pc=0x00007fe69c8c853a sp=0x00007fe6b8560368 mode 0
Event: 0,976 Thread 0x00007fe6b4018000 DEOPT PACKING pc=0x00007fe69ce9d71f sp=0x00007fe6b855f8b0
Event: 0,976 Thread 0x00007fe6b4018000 DEOPT UNPACKING pc=0x00007fe69c8c853a sp=0x00007fe6b855ed98 mode 0
Event: 0,977 Thread 0x00007fe6b4018000 DEOPT PACKING pc=0x00007fe69ce9d4ea sp=0x00007fe6b855f8b0
Event: 0,977 Thread 0x00007fe6b4018000 DEOPT UNPACKING pc=0x00007fe69c8c853a sp=0x00007fe6b855ed98 mode 0
Event: 0,978 Thread 0x00007fe6b4018000 DEOPT PACKING pc=0x00007fe69ce9d4ea sp=0x00007fe6b855f8b0
Event: 0,978 Thread 0x00007fe6b4018000 DEOPT UNPACKING pc=0x00007fe69c8c853a sp=0x00007fe6b855ed98 mode 0
Event: 0,978 Thread 0x00007fe6b4018000 DEOPT PACKING pc=0x00007fe69ce9d4ea sp=0x00007fe6b855f8b0
Event: 0,978 Thread 0x00007fe6b4018000 DEOPT UNPACKING pc=0x00007fe69c8c853a sp=0x00007fe6b855ed98 mode 0
Event: 0,985 Thread 0x00007fe6b4018000 DEOPT PACKING pc=0x00007fe69ce9d4ea sp=0x00007fe6b8560a80
Event: 0,985 Thread 0x00007fe6b4018000 DEOPT UNPACKING pc=0x00007fe69c8c853a sp=0x00007fe6b855ff68 mode 0
Event: 0,985 Thread 0x00007fe6b4018000 DEOPT PACKING pc=0x00007fe69ce9d71f sp=0x00007fe6b8560a80
Event: 0,985 Thread 0x00007fe6b4018000 DEOPT UNPACKING pc=0x00007fe69c8c853a sp=0x00007fe6b855ff68 mode 0
Event: 1,660 Thread 0x00007fe6b4018000 DEOPT PACKING pc=0x00007fe69ce79295 sp=0x00007fe6b8561e60
Event: 1,660 Thread 0x00007fe6b4018000 DEOPT UNPACKING pc=0x00007fe69c8c853a sp=0x00007fe6b8561318 mode 0

Classes redefined (0 events):
No events

Internal exceptions (20 events):
Event: 1,632 Thread 0x00007fe6b4018000 Exception <a 'java/lang/NoSuchMethodError'{0x000000008c8cd160}: 'java.lang.Object java.lang.invoke.DirectMethodHandle$Holder.invokeStatic(java.lang.Object, int, java.lang.Object, java.lang.Object, java.lang.Object)'> (0x000000008c8cd160) thrown at [src/hotspot/share/interpreter/linkResolver.cpp, line 772]
Event: 1,632 Thread 0x00007fe6b4018000 Exception <a 'java/lang/NoSuchMethodError'{0x000000008c8d0ca8}: 'java.lang.Object java.lang.invoke.DirectMethodHandle$Holder.invokeSpecial(java.lang.Object, java.lang.Object, int, java.lang.Object, java.lang.Object, java.lang.Object)'> (0x000000008c8d0ca8) thrown at [src/hotspot/share/interpreter/linkResolver.cpp, line 772]
Event: 1,639 Thread 0x00007fe6b4018000 Exception <a 'java/lang/NoSuchMethodError'{0x000000008c8e8bb8}: 'java.lang.Object java.lang.invoke.DirectMethodHandle$Holder.invokeStatic(java.lang.Object, int, java.lang.Object)'> (0x000000008c8e8bb8) thrown at [src/hotspot/share/interpreter/linkResolver.cpp, line 772]
Event: 1,701 Thread 0x00007fe6b4018000 Exception <a 'java/lang/NoSuchMethodError'{0x000000008c7e7728}: 'java.lang.Object java.lang.invoke.Invokers$Holder.linkToTargetMethod(java.lang.Object, int, java.lang.Object)'> (0x000000008c7e7728) thrown at [src/hotspot/share/interpreter/linkResolver.cpp, line 772]
Event: 1,720 Thread 0x00007fe6b4018000 Exception <a 'java/lang/ClassNotFoundException'{0x000000008c63b5e8}: com/sun/swing/internal/plaf/metal/resources/spi/metalProvider> (0x000000008c63b5e8) thrown at [src/hotspot/share/classfile/systemDictionary.cpp, line 231]
Event: 1,722 Thread 0x00007fe6b4018000 Exception <a 'java/lang/ClassNotFoundException'{0x000000008c642668}: com/sun/swing/internal/plaf/basic/resources/spi/basicProvider> (0x000000008c642668) thrown at [src/hotspot/share/classfile/systemDictionary.cpp, line 231]
Event: 1,752 Thread 0x00007fe6b4018000 Exception <a 'java/lang/NoSuchMethodError'{0x000000008c6de868}: 'void java.lang.invoke.DirectMethodHandle$Holder.invokeStaticInit(java.lang.Object)'> (0x000000008c6de868) thrown at [src/hotspot/share/interpreter/linkResolver.cpp, line 772]
Event: 1,766 Thread 0x00007fe6b4018000 Exception <a 'java/lang/NoSuchMethodError'{0x000000008c524aa8}: 'java.lang.Object java.lang.invoke.DirectMethodHandle$Holder.invokeStatic(java.lang.Object, java.lang.Object, java.lang.Object, java.lang.Object, java.lang.Object, java.lang.Object, java.lang.Object, java.lang.Object, java.lang.Object, java.lang.Object, java.lang.Object, java.lang.Object, java.lang.Object, int)'> (0x000000008c524aa8) thrown at [src/hotspot/share/interpreter/linkResolver.cpp, line 772]
Event: 1,768 Thread 0x00007fe6b4018000 Exception <a 'java/lang/NoSuchMethodError'{0x000000008c532708}: 'java.lang.Object java.lang.invoke.DirectMethodHandle$Holder.invokeStatic(java.lang.Object, java.lang.Object, java.lang.Object, java.lang.Object, java.lang.Object, java.lang.Object, java.lang.Object, java.lang.Object, java.lang.Object, java.lang.Object, java.lang.Object, java.lang.Object, java.lang.Object, int, int)'> (0x000000008c532708) thrown at [src/hotspot/share/interpreter/linkResolver.cpp, line 772]
Event: 1,835 Thread 0x00007fe6b4018000 Exception <a 'java/lang/NullPointerException'{0x000000008c5d5898}> (0x000000008c5d5898) thrown at [src/hotspot/share/interpreter/linkResolver.cpp, line 1358]
Event: 1,960 Thread 0x00007fe6b45de000 Exception <a 'java/lang/NoSuchMethodError'{0x000000008c367e80}: 'java.lang.Object java.lang.invoke.DirectMethodHandle$Holder.invokeSpecial(java.lang.Object, java.lang.Object, int, int, java.lang.Object, java.lang.Object, java.lang.Object, java.lang.Object, java.lang.Object)'> (0x000000008c367e80) thrown at [src/hotspot/share/interpreter/linkResolver.cpp, line 772]
Event: 1,961 Thread 0x00007fe6b45de000 Exception <a 'java/lang/NoSuchMethodError'{0x000000008c36bb10}: 'java.lang.Object java.lang.invoke.DelegatingMethodHandle$Holder.reinvoke_L(java.lang.Object, int, int, java.lang.Object, java.lang.Object, java.lang.Object, java.lang.Object, java.lang.Object)'> (0x000000008c36bb10) thrown at [src/hotspot/share/interpreter/linkResolver.cpp, line 772]
Event: 1,982 Thread 0x00007fe6b45de000 Exception <a 'java/lang/NoSuchMethodError'{0x000000008c2108a8}: 'java.lang.Object java.lang.invoke.Invokers$Holder.linkToTargetMethod(java.lang.Object, java.lang.Object, java.lang.Object, java.lang.Object, java.lang.Object, java.lang.Object)'> (0x000000008c2108a8) thrown at [src/hotspot/share/interpreter/linkResolver.cpp, line 772]
Event: 1,992 Thread 0x00007fe6b45de000 Exception <a 'java/lang/NoSuchMethodError'{0x000000008c27d490}: 'java.lang.Object java.lang.invoke.DirectMethodHandle$Holder.invokeSpecial(java.lang.Object, java.lang.Object, int, int, java.lang.Object, java.lang.Object, java.lang.Object, java.lang.Object)'> (0x000000008c27d490) thrown at [src/hotspot/share/interpreter/linkResolver.cpp, line 772]
Event: 1,992 Thread 0x00007fe6b45de000 Exception <a 'java/lang/NoSuchMethodError'{0x000000008c280e70}: 'java.lang.Object java.lang.invoke.DelegatingMethodHandle$Holder.reinvoke_L(java.lang.Object, int, int, java.lang.Object, java.lang.Object, java.lang.Object, java.lang.Object)'> (0x000000008c280e70) thrown at [src/hotspot/share/interpreter/linkResolver.cpp, line 772]
Event: 2,041 Thread 0x00007fe6b45de000 Exception <a 'java/lang/NoSuchMethodError'{0x000000008c002b90}: 'java.lang.Object java.lang.invoke.DirectMethodHandle$Holder.invokeStatic(java.lang.Object, java.lang.Object, java.lang.Object, java.lang.Object, java.lang.Object, java.lang.Object, java.lang.Object, java.lang.Object, java.lang.Object, java.lang.Object, java.lang.Object, int)'> (0x000000008c002b90) thrown at [src/hotspot/share/interpreter/linkResolver.cpp, line 772]
Event: 2,043 Thread 0x00007fe6b45de000 Exception <a 'java/lang/NoSuchMethodError'{0x000000008c021be8}: 'java.lang.Object java.lang.invoke.DirectMethodHandle$Holder.invokeStatic(java.lang.Object, java.lang.Object, java.lang.Object, java.lang.Object, java.lang.Object, java.lang.Object, java.lang.Object, java.lang.Object, java.lang.Object, java.lang.Object, java.lang.Object, int, int)'> (0x000000008c021be8) thrown at [src/hotspot/share/interpreter/linkResolver.cpp, line 772]
Event: 2,045 Thread 0x00007fe6b45de000 Exception <a 'java/lang/NoSuchMethodError'{0x000000008c041808}: 'java.lang.Object java.lang.invoke.DirectMethodHandle$Holder.invokeStatic(java.lang.Object, java.lang.Object, java.lang.Object, java.lang.Object, java.lang.Object, java.lang.Object, java.lang.Object, java.lang.Object, java.lang.Object, java.lang.Object, java.lang.Object, int, int, java.lang.Object)'> (0x000000008c041808) thrown at [src/hotspot/share/interpreter/linkResolver.cpp, line 772]
Event: 2,047 Thread 0x00007fe6b45de000 Exception <a 'java/lang/NoSuchMethodError'{0x000000008c062b60}: 'java.lang.Object java.lang.invoke.DirectMethodHandle$Holder.invokeStatic(java.lang.Object, java.lang.Object, java.lang.Object, java.lang.Object, java.lang.Object, java.lang.Object, java.lang.Object, java.lang.Object, java.lang.Object, java.lang.Object, java.lang.Object, int, int, java.lang.Object, java.lang.Object)'> (0x000000008c062b60) thrown at [src/hotspot/share/interpreter/linkResolver.cpp, line 772]
Event: 2,081 Thread 0x00007fe6b45de000 Exception <a 'sun/nio/fs/UnixException'{0x000000008c0be308}> (0x000000008c0be308) thrown at [src/hotspot/share/prims/jni.cpp, line 615]

Events (20 events):
Event: 119,184 Executing VM operation: GetFrameLocation done
Event: 119,185 Executing VM operation: GetFrameCount
Event: 119,185 Executing VM operation: GetFrameCount done
Event: 119,185 Executing VM operation: GetFrameCount
Event: 119,185 Executing VM operation: GetFrameCount done
Event: 119,185 Executing VM operation: GetStackTrace
Event: 119,185 Executing VM operation: GetStackTrace done
Event: 119,186 Executing VM operation: GetFrameLocation
Event: 119,187 Executing VM operation: GetFrameLocation done
Event: 119,187 Executing VM operation: GetOrSetLocal
Event: 119,187 Executing VM operation: GetOrSetLocal done
Event: 119,191 loading class java/lang/Throwable$WrappedPrintStream
Event: 119,191 loading class java/lang/Throwable$PrintStreamOrWriter
Event: 119,192 loading class java/lang/Throwable$PrintStreamOrWriter done
Event: 119,192 loading class java/lang/Throwable$WrappedPrintStream done
Event: 119,196 Thread 0x00007fe6b4018000 Thread exited: 0x00007fe6b4018000
Event: 119,196 Protecting memory [0x00007fe6b8464000,0x00007fe6b8468000] with protection modes 0
Event: 119,196 Thread 0x00007fe6b4018000 Thread added: 0x00007fe6b4018000
Event: 121,698 Thread 0x00007fe650001800 Thread exited: 0x00007fe650001800
Event: 121,698 loading class jdk/internal/misc/Signal$1


Dynamic libraries:
85800000-8d400000 rw-p 00000000 00:00 0 
8d400000-ffe00000 ---p 00000000 00:00 0 
ffe00000-ffe47000 rw-p 01111000 08:04 796715                             /usr/lib/jvm/java-11-openjdk-amd64/lib/server/classes.jsa
ffe47000-fff00000 rw-p 00000000 00:00 0 
fff00000-fff6b000 rw-p 010a6000 08:04 796715                             /usr/lib/jvm/java-11-openjdk-amd64/lib/server/classes.jsa
fff6b000-100000000 rw-p 00000000 00:00 0 
800000000-800002000 rwxp 00001000 08:04 796715                           /usr/lib/jvm/java-11-openjdk-amd64/lib/server/classes.jsa
800002000-8010a5000 rw-p 00003000 08:04 796715                           /usr/lib/jvm/java-11-openjdk-amd64/lib/server/classes.jsa
840000000-840180000 rw-p 00000000 00:00 0 
840180000-880000000 ---p 00000000 00:00 0 
55af74324000-55af74325000 r--p 00000000 08:04 17566925                   /usr/lib/jvm/java-11-openjdk-amd64/bin/java
55af74325000-55af74326000 r-xp 00001000 08:04 17566925                   /usr/lib/jvm/java-11-openjdk-amd64/bin/java
55af74326000-55af74327000 r--p 00002000 08:04 17566925                   /usr/lib/jvm/java-11-openjdk-amd64/bin/java
55af74327000-55af74328000 r--p 00002000 08:04 17566925                   /usr/lib/jvm/java-11-openjdk-amd64/bin/java
55af74328000-55af74329000 rw-p 00003000 08:04 17566925                   /usr/lib/jvm/java-11-openjdk-amd64/bin/java
55af748bc000-55af748dd000 rw-p 00000000 00:00 0                          [heap]
7fe628000000-7fe6280d3000 rw-p 00000000 00:00 0 
7fe6280d3000-7fe62c000000 ---p 00000000 00:00 0 
7fe630000000-7fe630021000 rw-p 00000000 00:00 0 
7fe630021000-7fe634000000 ---p 00000000 00:00 0 
7fe634000000-7fe634021000 rw-p 00000000 00:00 0 
7fe634021000-7fe638000000 ---p 00000000 00:00 0 
7fe638000000-7fe638021000 rw-p 00000000 00:00 0 
7fe638021000-7fe63c000000 ---p 00000000 00:00 0 
7fe63c000000-7fe63c021000 rw-p 00000000 00:00 0 
7fe63c021000-7fe640000000 ---p 00000000 00:00 0 
7fe640000000-7fe640021000 rw-p 00000000 00:00 0 
7fe640021000-7fe644000000 ---p 00000000 00:00 0 
7fe644000000-7fe644021000 rw-p 00000000 00:00 0 
7fe644021000-7fe648000000 ---p 00000000 00:00 0 
7fe648000000-7fe648021000 rw-p 00000000 00:00 0 
7fe648021000-7fe64c000000 ---p 00000000 00:00 0 
7fe64c000000-7fe64c021000 rw-p 00000000 00:00 0 
7fe64c021000-7fe650000000 ---p 00000000 00:00 0 
7fe650000000-7fe650021000 rw-p 00000000 00:00 0 
7fe650021000-7fe654000000 ---p 00000000 00:00 0 
7fe654000000-7fe654021000 rw-p 00000000 00:00 0 
7fe654021000-7fe658000000 ---p 00000000 00:00 0 
7fe658000000-7fe658021000 rw-p 00000000 00:00 0 
7fe658021000-7fe65c000000 ---p 00000000 00:00 0 
7fe65c000000-7fe65c021000 rw-p 00000000 00:00 0 
7fe65c021000-7fe660000000 ---p 00000000 00:00 0 
7fe660000000-7fe660819000 rw-p 00000000 00:00 0 
7fe660819000-7fe664000000 ---p 00000000 00:00 0 
7fe664000000-7fe664462000 rw-p 00000000 00:00 0 
7fe664462000-7fe668000000 ---p 00000000 00:00 0 
7fe668000000-7fe668021000 rw-p 00000000 00:00 0 
7fe668021000-7fe66c000000 ---p 00000000 00:00 0 
7fe66c000000-7fe66c021000 rw-p 00000000 00:00 0 
7fe66c021000-7fe670000000 ---p 00000000 00:00 0 
7fe670000000-7fe670021000 rw-p 00000000 00:00 0 
7fe670021000-7fe674000000 ---p 00000000 00:00 0 
7fe674000000-7fe674021000 rw-p 00000000 00:00 0 
7fe674021000-7fe678000000 ---p 00000000 00:00 0 
7fe678116000-7fe678156000 rw-p 00000000 00:00 0 
7fe678156000-7fe678316000 ---p 00000000 00:00 0 
7fe678316000-7fe678318000 r--p 00000000 08:04 17039487                   /usr/lib/x86_64-linux-gnu/libnss_dns-2.31.so
7fe678318000-7fe67831c000 r-xp 00002000 08:04 17039487                   /usr/lib/x86_64-linux-gnu/libnss_dns-2.31.so
7fe67831c000-7fe67831d000 r--p 00006000 08:04 17039487                   /usr/lib/x86_64-linux-gnu/libnss_dns-2.31.so
7fe67831d000-7fe67831e000 r--p 00006000 08:04 17039487                   /usr/lib/x86_64-linux-gnu/libnss_dns-2.31.so
7fe67831e000-7fe67831f000 rw-p 00007000 08:04 17039487                   /usr/lib/x86_64-linux-gnu/libnss_dns-2.31.so
7fe67831f000-7fe678323000 ---p 00000000 00:00 0 
7fe678323000-7fe678620000 rw-p 00000000 00:00 0 
7fe678620000-7fe678624000 ---p 00000000 00:00 0 
7fe678624000-7fe678721000 rw-p 00000000 00:00 0 
7fe678721000-7fe678725000 ---p 00000000 00:00 0 
7fe678725000-7fe678822000 rw-p 00000000 00:00 0 
7fe678822000-7fe678824000 r--p 00000000 08:04 17045903                   /usr/lib/x86_64-linux-gnu/libXfixes.so.3.1.0
7fe678824000-7fe678827000 r-xp 00002000 08:04 17045903                   /usr/lib/x86_64-linux-gnu/libXfixes.so.3.1.0
7fe678827000-7fe678828000 r--p 00005000 08:04 17045903                   /usr/lib/x86_64-linux-gnu/libXfixes.so.3.1.0
7fe678828000-7fe678829000 r--p 00005000 08:04 17045903                   /usr/lib/x86_64-linux-gnu/libXfixes.so.3.1.0
7fe678829000-7fe67882a000 rw-p 00006000 08:04 17045903                   /usr/lib/x86_64-linux-gnu/libXfixes.so.3.1.0
7fe67882a000-7fe67882d000 r--p 00000000 08:04 17045895                   /usr/lib/x86_64-linux-gnu/libXcursor.so.1.0.2
7fe67882d000-7fe678833000 r-xp 00003000 08:04 17045895                   /usr/lib/x86_64-linux-gnu/libXcursor.so.1.0.2
7fe678833000-7fe678835000 r--p 00009000 08:04 17045895                   /usr/lib/x86_64-linux-gnu/libXcursor.so.1.0.2
7fe678835000-7fe678836000 r--p 0000a000 08:04 17045895                   /usr/lib/x86_64-linux-gnu/libXcursor.so.1.0.2
7fe678836000-7fe678837000 rw-p 0000b000 08:04 17045895                   /usr/lib/x86_64-linux-gnu/libXcursor.so.1.0.2
7fe67884e000-7fe678852000 ---p 00000000 00:00 0 
7fe678852000-7fe67894f000 rw-p 00000000 00:00 0 
7fe67894f000-7fe678950000 ---p 00000000 00:00 0 
7fe678950000-7fe679150000 rw-p 00000000 00:00 0 
7fe679150000-7fe679151000 ---p 00000000 00:00 0 
7fe679151000-7fe679951000 rw-p 00000000 00:00 0 
7fe679951000-7fe679952000 ---p 00000000 00:00 0 
7fe679952000-7fe67a152000 rw-p 00000000 00:00 0 
7fe67a152000-7fe67a184000 r--p 00000000 08:04 18500573                   /usr/share/glib-2.0/schemas/gschemas.compiled
7fe67a184000-7fe67a186000 r--p 00000000 08:04 17046907                   /usr/lib/x86_64-linux-gnu/libpcre2-8.so.0.9.0
7fe67a186000-7fe67a1ea000 r-xp 00002000 08:04 17046907                   /usr/lib/x86_64-linux-gnu/libpcre2-8.so.0.9.0
7fe67a1ea000-7fe67a212000 r--p 00066000 08:04 17046907                   /usr/lib/x86_64-linux-gnu/libpcre2-8.so.0.9.0
7fe67a212000-7fe67a213000 r--p 0008d000 08:04 17046907                   /usr/lib/x86_64-linux-gnu/libpcre2-8.so.0.9.0
7fe67a213000-7fe67a214000 rw-p 0008e000 08:04 17046907                   /usr/lib/x86_64-linux-gnu/libpcre2-8.so.0.9.0
7fe67a214000-7fe67a21e000 r--p 00000000 08:04 17040022                   /usr/lib/x86_64-linux-gnu/libblkid.so.1.1.0
7fe67a21e000-7fe67a254000 r-xp 0000a000 08:04 17040022                   /usr/lib/x86_64-linux-gnu/libblkid.so.1.1.0
7fe67a254000-7fe67a264000 r--p 00040000 08:04 17040022                   /usr/lib/x86_64-linux-gnu/libblkid.so.1.1.0
7fe67a264000-7fe67a265000 ---p 00050000 08:04 17040022                   /usr/lib/x86_64-linux-gnu/libblkid.so.1.1.0
7fe67a265000-7fe67a26a000 r--p 00050000 08:04 17040022                   /usr/lib/x86_64-linux-gnu/libblkid.so.1.1.0
7fe67a26a000-7fe67a26b000 rw-p 00055000 08:04 17040022                   /usr/lib/x86_64-linux-gnu/libblkid.so.1.1.0
7fe67a26b000-7fe67a26d000 r--p 00000000 08:04 17046289                   /usr/lib/x86_64-linux-gnu/libffi.so.7.1.0
7fe67a26d000-7fe67a273000 r-xp 00002000 08:04 17046289                   /usr/lib/x86_64-linux-gnu/libffi.so.7.1.0
7fe67a273000-7fe67a274000 r--p 00008000 08:04 17046289                   /usr/lib/x86_64-linux-gnu/libffi.so.7.1.0
7fe67a274000-7fe67a275000 ---p 00009000 08:04 17046289                   /usr/lib/x86_64-linux-gnu/libffi.so.7.1.0
7fe67a275000-7fe67a276000 r--p 00009000 08:04 17046289                   /usr/lib/x86_64-linux-gnu/libffi.so.7.1.0
7fe67a276000-7fe67a277000 rw-p 0000a000 08:04 17046289                   /usr/lib/x86_64-linux-gnu/libffi.so.7.1.0
7fe67a277000-7fe67a27b000 r--p 00000000 08:04 17039589                   /usr/lib/x86_64-linux-gnu/libresolv-2.31.so
7fe67a27b000-7fe67a28b000 r-xp 00004000 08:04 17039589                   /usr/lib/x86_64-linux-gnu/libresolv-2.31.so
7fe67a28b000-7fe67a28e000 r--p 00014000 08:04 17039589                   /usr/lib/x86_64-linux-gnu/libresolv-2.31.so
7fe67a28e000-7fe67a28f000 ---p 00017000 08:04 17039589                   /usr/lib/x86_64-linux-gnu/libresolv-2.31.so
7fe67a28f000-7fe67a290000 r--p 00017000 08:04 17039589                   /usr/lib/x86_64-linux-gnu/libresolv-2.31.so
7fe67a290000-7fe67a291000 rw-p 00018000 08:04 17039589                   /usr/lib/x86_64-linux-gnu/libresolv-2.31.so
7fe67a291000-7fe67a293000 rw-p 00000000 00:00 0 
7fe67a293000-7fe67a299000 r--p 00000000 08:04 17047061                   /usr/lib/x86_64-linux-gnu/libselinux.so.1
7fe67a299000-7fe67a2b2000 r-xp 00006000 08:04 17047061                   /usr/lib/x86_64-linux-gnu/libselinux.so.1
7fe67a2b2000-7fe67a2b9000 r--p 0001f000 08:04 17047061                   /usr/lib/x86_64-linux-gnu/libselinux.so.1
7fe67a2b9000-7fe67a2ba000 ---p 00026000 08:04 17047061                   /usr/lib/x86_64-linux-gnu/libselinux.so.1
7fe67a2ba000-7fe67a2bb000 r--p 00026000 08:04 17047061                   /usr/lib/x86_64-linux-gnu/libselinux.so.1
7fe67a2bb000-7fe67a2bc000 rw-p 00027000 08:04 17047061                   /usr/lib/x86_64-linux-gnu/libselinux.so.1
7fe67a2bc000-7fe67a2be000 rw-p 00000000 00:00 0 
7fe67a2be000-7fe67a2c9000 r--p 00000000 08:04 17045879                   /usr/lib/x86_64-linux-gnu/libmount.so.1.1.0
7fe67a2c9000-7fe67a307000 r-xp 0000b000 08:04 17045879                   /usr/lib/x86_64-linux-gnu/libmount.so.1.1.0
7fe67a307000-7fe67a31a000 r--p 00049000 08:04 17045879                   /usr/lib/x86_64-linux-gnu/libmount.so.1.1.0
7fe67a31a000-7fe67a31d000 r--p 0005b000 08:04 17045879                   /usr/lib/x86_64-linux-gnu/libmount.so.1.1.0
7fe67a31d000-7fe67a31e000 rw-p 0005e000 08:04 17045879                   /usr/lib/x86_64-linux-gnu/libmount.so.1.1.0
7fe67a31e000-7fe67a32c000 r--p 00000000 08:04 17040498                   /usr/lib/x86_64-linux-gnu/libgobject-2.0.so.0.6400.6
7fe67a32c000-7fe67a362000 r-xp 0000e000 08:04 17040498                   /usr/lib/x86_64-linux-gnu/libgobject-2.0.so.0.6400.6
7fe67a362000-7fe67a37a000 r--p 00044000 08:04 17040498                   /usr/lib/x86_64-linux-gnu/libgobject-2.0.so.0.6400.6
7fe67a37a000-7fe67a37d000 r--p 0005b000 08:04 17040498                   /usr/lib/x86_64-linux-gnu/libgobject-2.0.so.0.6400.6
7fe67a37d000-7fe67a37e000 rw-p 0005e000 08:04 17040498                   /usr/lib/x86_64-linux-gnu/libgobject-2.0.so.0.6400.6
7fe67a37e000-7fe67a3b6000 r--p 00000000 08:04 17040422                   /usr/lib/x86_64-linux-gnu/libgio-2.0.so.0.6400.6
7fe67a3b6000-7fe67a4c9000 r-xp 00038000 08:04 17040422                   /usr/lib/x86_64-linux-gnu/libgio-2.0.so.0.6400.6
7fe67a4c9000-7fe67a553000 r--p 0014b000 08:04 17040422                   /usr/lib/x86_64-linux-gnu/libgio-2.0.so.0.6400.6
7fe67a553000-7fe67a55c000 r--p 001d4000 08:04 17040422                   /usr/lib/x86_64-linux-gnu/libgio-2.0.so.0.6400.6
7fe67a55c000-7fe67a55d000 rw-p 001dd000 08:04 17040422                   /usr/lib/x86_64-linux-gnu/libgio-2.0.so.0.6400.6
7fe67a55d000-7fe67a55f000 rw-p 00000000 00:00 0 
7fe67a55f000-7fe67a561000 r--p 00000000 08:04 17045919                   /usr/lib/x86_64-linux-gnu/libXrandr.so.2.2.0
7fe67a561000-7fe67a568000 r-xp 00002000 08:04 17045919                   /usr/lib/x86_64-linux-gnu/libXrandr.so.2.2.0
7fe67a568000-7fe67a56a000 r--p 00009000 08:04 17045919                   /usr/lib/x86_64-linux-gnu/libXrandr.so.2.2.0
7fe67a56a000-7fe67a56b000 r--p 0000a000 08:04 17045919                   /usr/lib/x86_64-linux-gnu/libXrandr.so.2.2.0
7fe67a56b000-7fe67a56c000 rw-p 0000b000 08:04 17045919                   /usr/lib/x86_64-linux-gnu/libXrandr.so.2.2.0
7fe67a56c000-7fe67a56e000 r--p 00000000 08:04 17046903                   /usr/lib/x86_64-linux-gnu/libpcre.so.3.13.3
7fe67a56e000-7fe67a5bf000 r-xp 00002000 08:04 17046903                   /usr/lib/x86_64-linux-gnu/libpcre.so.3.13.3
7fe67a5bf000-7fe67a5dd000 r--p 00053000 08:04 17046903                   /usr/lib/x86_64-linux-gnu/libpcre.so.3.13.3
7fe67a5dd000-7fe67a5de000 r--p 00070000 08:04 17046903                   /usr/lib/x86_64-linux-gnu/libpcre.so.3.13.3
7fe67a5de000-7fe67a5df000 rw-p 00071000 08:04 17046903                   /usr/lib/x86_64-linux-gnu/libpcre.so.3.13.3
7fe67a5df000-7fe67a5e4000 r--p 00000000 08:04 17046941                   /usr/lib/x86_64-linux-gnu/libpng16.so.16.37.0
7fe67a5e4000-7fe67a609000 r-xp 00005000 08:04 17046941                   /usr/lib/x86_64-linux-gnu/libpng16.so.16.37.0
7fe67a609000-7fe67a615000 r--p 0002a000 08:04 17046941                   /usr/lib/x86_64-linux-gnu/libpng16.so.16.37.0
7fe67a615000-7fe67a616000 r--p 00035000 08:04 17046941                   /usr/lib/x86_64-linux-gnu/libpng16.so.16.37.0
7fe67a616000-7fe67a617000 rw-p 00036000 08:04 17046941                   /usr/lib/x86_64-linux-gnu/libpng16.so.16.37.0
7fe67a617000-7fe67a61a000 r--p 00000000 08:04 17046452                   /usr/lib/x86_64-linux-gnu/libgraphite2.so.3.2.1
7fe67a61a000-7fe67a63c000 r-xp 00003000 08:04 17046452                   /usr/lib/x86_64-linux-gnu/libgraphite2.so.3.2.1
7fe67a63c000-7fe67a641000 r--p 00025000 08:04 17046452                   /usr/lib/x86_64-linux-gnu/libgraphite2.so.3.2.1
7fe67a641000-7fe67a643000 r--p 00029000 08:04 17046452                   /usr/lib/x86_64-linux-gnu/libgraphite2.so.3.2.1
7fe67a643000-7fe67a644000 rw-p 0002b000 08:04 17046452                   /usr/lib/x86_64-linux-gnu/libgraphite2.so.3.2.1
7fe67a644000-7fe67a660000 r--p 00000000 08:04 17040457                   /usr/lib/x86_64-linux-gnu/libglib-2.0.so.0.6400.6
7fe67a660000-7fe67a6e4000 r-xp 0001c000 08:04 17040457                   /usr/lib/x86_64-linux-gnu/libglib-2.0.so.0.6400.6
7fe67a6e4000-7fe67a76a000 r--p 000a0000 08:04 17040457                   /usr/lib/x86_64-linux-gnu/libglib-2.0.so.0.6400.6
7fe67a76a000-7fe67a76b000 r--p 00125000 08:04 17040457                   /usr/lib/x86_64-linux-gnu/libglib-2.0.so.0.6400.6
7fe67a76b000-7fe67a76c000 rw-p 00126000 08:04 17040457                   /usr/lib/x86_64-linux-gnu/libglib-2.0.so.0.6400.6
7fe67a76c000-7fe67a76d000 rw-p 00000000 00:00 0 
7fe67a76d000-7fe67a779000 r--p 00000000 08:04 17046640                   /usr/lib/x86_64-linux-gnu/libfreetype.so.6.17.1
7fe67a779000-7fe67a7f9000 r-xp 0000c000 08:04 17046640                   /usr/lib/x86_64-linux-gnu/libfreetype.so.6.17.1
7fe67a7f9000